生成启动时间为 2019/3/13 星期三 9:13:23。
     1>项目“F:\应用程序\贪吃蛇4\贪吃蛇4\贪吃蛇4.vcxproj”在节点 2 上(Build 个目标)。
     1>ClCompile:
         E:\VS2012\VC\bin\CL.exe /c /ZI /nologo /W3 /WX- /Od /Oy- /D WIN32 /D _DEBUG /D _CONSOLE /D _MBCS /Gm /EHsc /RTC1 /MDd /GS /fp:precise /Zc:wchar_t /Zc:forScope /Yu"stdafx.h" /Fp"Debug\贪吃蛇4.pch" /Fo"Debug\\" /Fd"Debug\vc110.pdb" /Gd /TP /analyze- /errorReport:prompt "贪吃蛇4.cpp"
         贪吃蛇4.cpp
     1>f:\应用程序\贪吃蛇4\贪吃蛇4\贪吃蛇4.cpp(1): warning C4627: “#include <string>”: 在查找预编译头使用时跳过
                 将指令添加到“stdafx.h”或重新生成预编译头
     1>f:\应用程序\贪吃蛇4\贪吃蛇4\贪吃蛇4.cpp(59): warning C4996: 'kbhit': The POSIX name for this item is deprecated. Instead, use the ISO C++ conformant name: _kbhit. See online help for details.
                 e:\vs2012\vc\include\conio.h(133) : 参见“kbhit”的声明
     1>f:\应用程序\贪吃蛇4\贪吃蛇4\贪吃蛇4.cpp(81): warning C4996: 'strcpy': This function or variable may be unsafe. Consider using strcpy_s instead. To disable deprecation, use _CRT_SECURE_NO_WARNINGS. See online help for details.
                 e:\vs2012\vc\include\string.h(110) : 参见“strcpy”的声明
     1>f:\应用程序\贪吃蛇4\贪吃蛇4\贪吃蛇4.cpp(82): warning C4996: 'strcpy': This function or variable may be unsafe. Consider using strcpy_s instead. To disable deprecation, use _CRT_SECURE_NO_WARNINGS. See online help for details.
                 e:\vs2012\vc\include\string.h(110) : 参见“strcpy”的声明
     1>f:\应用程序\贪吃蛇4\贪吃蛇4\贪吃蛇4.cpp(83): warning C4996: 'strcpy': This function or variable may be unsafe. Consider using strcpy_s instead. To disable deprecation, use _CRT_SECURE_NO_WARNINGS. See online help for details.
                 e:\vs2012\vc\include\string.h(110) : 参见“strcpy”的声明
     1>f:\应用程序\贪吃蛇4\贪吃蛇4\贪吃蛇4.cpp(84): warning C4996: 'strcpy': This function or variable may be unsafe. Consider using strcpy_s instead. To disable deprecation, use _CRT_SECURE_NO_WARNINGS. See online help for details.
                 e:\vs2012\vc\include\string.h(110) : 参见“strcpy”的声明
     1>f:\应用程序\贪吃蛇4\贪吃蛇4\贪吃蛇4.cpp(161): warning C4996: 'getch': The POSIX name for this item is deprecated. Instead, use the ISO C++ conformant name: _getch. See online help for details.
                 e:\vs2012\vc\include\conio.h(131) : 参见“getch”的声明
     1>f:\应用程序\贪吃蛇4\贪吃蛇4\贪吃蛇4.cpp(191): warning C4996: 'strcpy': This function or variable may be unsafe. Consider using strcpy_s instead. To disable deprecation, use _CRT_SECURE_NO_WARNINGS. See online help for details.
                 e:\vs2012\vc\include\string.h(110) : 参见“strcpy”的声明
     1>f:\应用程序\贪吃蛇4\贪吃蛇4\贪吃蛇4.cpp(192): warning C4996: 'strcpy': This function or variable may be unsafe. Consider using strcpy_s instead. To disable deprecation, use _CRT_SECURE_NO_WARNINGS. See online help for details.
                 e:\vs2012\vc\include\string.h(110) : 参见“strcpy”的声明
     1>f:\应用程序\贪吃蛇4\贪吃蛇4\贪吃蛇4.cpp(193): warning C4996: 'strcpy': This function or variable may be unsafe. Consider using strcpy_s instead. To disable deprecation, use _CRT_SECURE_NO_WARNINGS. See online help for details.
                 e:\vs2012\vc\include\string.h(110) : 参见“strcpy”的声明
     1>f:\应用程序\贪吃蛇4\贪吃蛇4\贪吃蛇4.cpp(194): warning C4996: 'strcpy': This function or variable may be unsafe. Consider using strcpy_s instead. To disable deprecation, use _CRT_SECURE_NO_WARNINGS. See online help for details.
                 e:\vs2012\vc\include\string.h(110) : 参见“strcpy”的声明
     1>f:\应用程序\贪吃蛇4\贪吃蛇4\贪吃蛇4.cpp(230): warning C4996: 'itoa': The POSIX name for this item is deprecated. Instead, use the ISO C++ conformant name: _itoa. See online help for details.
                 e:\vs2012\vc\include\stdlib.h(909) : 参见“itoa”的声明
     1>f:\应用程序\贪吃蛇4\贪吃蛇4\贪吃蛇4.cpp(232): warning C4996: 'strcat': This function or variable may be unsafe. Consider using strcat_s instead. To disable deprecation, use _CRT_SECURE_NO_WARNINGS. See online help for details.
                 e:\vs2012\vc\include\string.h(115) : 参见“strcat”的声明
     1>f:\应用程序\贪吃蛇4\贪吃蛇4\贪吃蛇4.cpp(236): warning C4551: 缺少参数列表的函数调用
       Link:
         E:\VS2012\VC\bin\link.exe /ERRORREPORT:PROMPT /OUT:"F:\应用程序\贪吃蛇4\Debug\贪吃蛇4.exe" /INCREMENTAL /NOLOGO kernel32.lib user32.lib gdi32.lib winspool.lib comdlg32.lib advapi32.lib shell32.lib ole32.lib oleaut32.lib uuid.lib odbc32.lib odbccp32.lib /MANIFEST /MANIFESTUAC:"level='asInvoker' uiAccess='false'" /manifest:embed /DEBUG /PDB:"F:\应用程序\贪吃蛇4\Debug\贪吃蛇4.pdb" /SUBSYSTEM:CONSOLE /TLBID:1 /DYNAMICBASE /NXCOMPAT /IMPLIB:"F:\应用程序\贪吃蛇4\Debug\贪吃蛇4.lib" /MACHINE:X86 Debug\stdafx.obj
         "Debug\贪吃蛇4.obj"
         贪吃蛇4.vcxproj -> F:\应用程序\贪吃蛇4\Debug\贪吃蛇4.exe
     1>已完成生成项目“F:\应用程序\贪吃蛇4\贪吃蛇4\贪吃蛇4.vcxproj”(Build 个目标)的操作。

生成成功。

已用时间 00:00:02.14
