F:\应用程序\贪吃蛇4\贪吃蛇4\DEBUG\贪吃蛇4.PCH
F:\应用程序\贪吃蛇4\贪吃蛇4\DEBUG\STDAFX.OBJ
F:\应用程序\贪吃蛇4\贪吃蛇4\DEBUG\VC110.PDB
F:\应用程序\贪吃蛇4\贪吃蛇4\DEBUG\贪吃蛇4.OBJ
F:\应用程序\贪吃蛇4\DEBUG\贪吃蛇4.ILK
F:\应用程序\贪吃蛇4\DEBUG\贪吃蛇4.EXE
F:\应用程序\贪吃蛇4\DEBUG\贪吃蛇4.PDB
F:\应用程序\贪吃蛇4\贪吃蛇4\Debug\stdafx.obj
F:\应用程序\贪吃蛇4\贪吃蛇4\Debug\贪吃蛇4.obj
F:\应用程序\贪吃蛇4\贪吃蛇4\Debug\cl.command.1.tlog
F:\应用程序\贪吃蛇4\贪吃蛇4\Debug\CL.read.1.tlog
F:\应用程序\贪吃蛇4\贪吃蛇4\Debug\CL.write.1.tlog
F:\应用程序\贪吃蛇4\贪吃蛇4\Debug\link-cvtres.read.1.tlog
F:\应用程序\贪吃蛇4\贪吃蛇4\Debug\link-cvtres.write.1.tlog
F:\应用程序\贪吃蛇4\贪吃蛇4\Debug\link-rc.read.1.tlog
F:\应用程序\贪吃蛇4\贪吃蛇4\Debug\link-rc.write.1.tlog
F:\应用程序\贪吃蛇4\贪吃蛇4\Debug\link.8200-cvtres.read.1.tlog
F:\应用程序\贪吃蛇4\贪吃蛇4\Debug\link.8200-cvtres.write.1.tlog
F:\应用程序\贪吃蛇4\贪吃蛇4\Debug\link.8200-rc.read.1.tlog
F:\应用程序\贪吃蛇4\贪吃蛇4\Debug\link.8200-rc.write.1.tlog
F:\应用程序\贪吃蛇4\贪吃蛇4\Debug\link.8200.read.1.tlog
F:\应用程序\贪吃蛇4\贪吃蛇4\Debug\link.8200.write.1.tlog
F:\应用程序\贪吃蛇4\贪吃蛇4\Debug\link.command.1.tlog
F:\应用程序\贪吃蛇4\贪吃蛇4\Debug\link.read.1.tlog
F:\应用程序\贪吃蛇4\贪吃蛇4\Debug\link.write.1.tlog
F:\应用程序\贪吃蛇4\贪吃蛇4\Debug\贪吃蛇4.pch
F:\应用程序\贪吃蛇4\贪吃蛇4\Debug\vc110.idb
F:\应用程序\贪吃蛇4\贪吃蛇4\Debug\vc110.pdb
F:\应用程序\贪吃蛇4\Debug\贪吃蛇4.pdb
F:\应用程序\贪吃蛇4\Debug\贪吃蛇4.exe
F:\应用程序\贪吃蛇4\Debug\贪吃蛇4.ilk
